<?xml version="1.0" encoding="utf-8"?><testsuites><testsuite name="pytest" errors="0" failures="0" skipped="0" tests="4" time="74.269" timestamp="2025-04-10T12:32:42.475317+05:30" hostname="QSP"><testcase classname="PyTestScript.test_launch" name="test_dws" time="6.898" /><testcase classname="PyTestScript.test_launch" name="test_rcb" time="16.927" /><testcase classname="PyTestScript.test_launch" name="test_csk" time="36.403" /><testcase classname="PyTestScript.test_launch" name="test_mi" time="13.806" /></testsuite></testsuites>